<?xml version="1.0" encoding="UTF-8"?>
<!-- Generated by org.testng.reporters.JUnitReportReporter -->
<testsuite skipped="0" hostname="DESKTOP-26O85S9" name="com.actitime.test.InValidLoginTest" tests="1" failures="0" timestamp="15 Nov 2017 12:02:59 GMT" time="16.602" errors="0">
  <testcase name="testInvalidLogin" time="16.602" classname="com.actitime.test.InValidLoginTest"/>
</testsuite> <!-- com.actitime.test.InValidLoginTest -->
